01-Apr-2021 22:38:16.198 INFO [main] org.apache.catalina.startup.VersionLoggerListener.log Server version name:   Apache Tomcat/9.0.44
01-Apr-2021 22:38:16.230 INFO [main] org.apache.catalina.startup.VersionLoggerListener.log Server built:          Mar 4 2021 21:49:34 UTC
01-Apr-2021 22:38:16.230 INFO [main] org.apache.catalina.startup.VersionLoggerListener.log Server version number: 9.0.44.0
01-Apr-2021 22:38:16.230 INFO [main] org.apache.catalina.startup.VersionLoggerListener.log OS Name:               Windows 8.1
01-Apr-2021 22:38:16.230 INFO [main] org.apache.catalina.startup.VersionLoggerListener.log OS Version:            6.3
01-Apr-2021 22:38:16.230 INFO [main] org.apache.catalina.startup.VersionLoggerListener.log Architecture:          amd64
01-Apr-2021 22:38:16.230 INFO [main] org.apache.catalina.startup.VersionLoggerListener.log Java Home:             C:\Program Files\Java\jdk-16
01-Apr-2021 22:38:16.230 INFO [main] org.apache.catalina.startup.VersionLoggerListener.log JVM Version:           16+36-2231
01-Apr-2021 22:38:16.230 INFO [main] org.apache.catalina.startup.VersionLoggerListener.log JVM Vendor:            Oracle Corporation
01-Apr-2021 22:38:16.245 INFO [main] org.apache.catalina.startup.VersionLoggerListener.log CATALINA_BASE:         C:\Program Files\Apache Software Foundation\Tomcat 9.0_Tomcat9_Hitesh
01-Apr-2021 22:38:16.245 INFO [main] org.apache.catalina.startup.VersionLoggerListener.log CATALINA_HOME:         C:\Program Files\Apache Software Foundation\Tomcat 9.0_Tomcat9_Hitesh
01-Apr-2021 22:38:16.497 INFO [main] org.apache.catalina.startup.VersionLoggerListener.log Command line argument: -Dcatalina.home=C:\Program Files\Apache Software Foundation\Tomcat 9.0_Tomcat9_Hitesh
01-Apr-2021 22:38:16.497 INFO [main] org.apache.catalina.startup.VersionLoggerListener.log Command line argument: -Dcatalina.base=C:\Program Files\Apache Software Foundation\Tomcat 9.0_Tomcat9_Hitesh
01-Apr-2021 22:38:16.497 INFO [main] org.apache.catalina.startup.VersionLoggerListener.log Command line argument: -Djava.io.tmpdir=C:\Program Files\Apache Software Foundation\Tomcat 9.0_Tomcat9_Hitesh\temp
01-Apr-2021 22:38:16.497 INFO [main] org.apache.catalina.startup.VersionLoggerListener.log Command line argument: -Djava.util.logging.manager=org.apache.juli.ClassLoaderLogManager
01-Apr-2021 22:38:16.497 INFO [main] org.apache.catalina.startup.VersionLoggerListener.log Command line argument: -Djava.util.logging.config.file=C:\Program Files\Apache Software Foundation\Tomcat 9.0_Tomcat9_Hitesh\conf\logging.properties
01-Apr-2021 22:38:16.497 INFO [main] org.apache.catalina.startup.VersionLoggerListener.log Command line argument: --add-opens=java.base/java.lang=ALL-UNNAMED
01-Apr-2021 22:38:16.497 INFO [main] org.apache.catalina.startup.VersionLoggerListener.log Command line argument: --add-opens=java.base/java.io=ALL-UNNAMED
01-Apr-2021 22:38:16.497 INFO [main] org.apache.catalina.startup.VersionLoggerListener.log Command line argument: --add-opens=java.rmi/sun.rmi.transport=ALL-UNNAMED
01-Apr-2021 22:38:16.497 INFO [main] org.apache.catalina.startup.VersionLoggerListener.log Command line argument: exit
01-Apr-2021 22:38:16.497 INFO [main] org.apache.catalina.startup.VersionLoggerListener.log Command line argument: abort
01-Apr-2021 22:38:16.497 INFO [main] org.apache.catalina.startup.VersionLoggerListener.log Command line argument: -Xms128m
01-Apr-2021 22:38:16.497 INFO [main] org.apache.catalina.startup.VersionLoggerListener.log Command line argument: -Xmx256m
01-Apr-2021 22:38:16.529 INFO [main] org.apache.catalina.core.AprLifecycleListener.lifecycleEvent The Apache Tomcat Native library which allows using OpenSSL was not found on the java.library.path: [C:\Program Files\Apache Software Foundation\Tomcat 9.0_Tomcat9_Hitesh\bin;C:\Windows\Sun\Java\bin;C:\Windows\system32;C:\Windows;C:\Program Files\Java\jdk-16\bin;C:\Program Files\Common Files\Oracle\Java\javapath;C:\Windows\system32;C:\Windows;C:\Windows\System32\Wbem;C:\Windows\System32\WindowsPowerShell\v1.0\;C:\Program Files (x86)\ATI Technologies\ATI.ACE\Core-Static;C:\Program Files\Intel\WiFi\bin\;C:\Program Files\Common Files\Intel\WirelessCommon\;C:\Program Files\Java\jdk1.8.0_181\bin;C:\Program Files (x86)\Common Files\Bentley Shared\MX;C:\Program Files\nodejs\;C:\Program Files\Git\cmd;C:\MinGW\bin;C:\Program Files\Java\jdk-16\bin;.]
01-Apr-2021 22:38:18.055 INFO [main] org.apache.coyote.AbstractProtocol.init Initializing ProtocolHandler ["http-nio-8799"]
01-Apr-2021 22:38:18.833 INFO [main] org.apache.catalina.startup.Catalina.load Server initialization in [3651] milliseconds
01-Apr-2021 22:38:19.056 INFO [main] org.apache.catalina.core.StandardService.startInternal Starting service [Catalina]
01-Apr-2021 22:38:19.056 INFO [main] org.apache.catalina.core.StandardEngine.startInternal Starting Servlet engine: [Apache Tomcat/9.0.44]
01-Apr-2021 22:38:19.104 INFO [main] org.apache.catalina.startup.HostConfig.deployDirectory Deploying web application directory [C:\Program Files\Apache Software Foundation\Tomcat 9.0_Tomcat9_Hitesh\webapps\docs]
01-Apr-2021 22:38:20.184 INFO [main] org.apache.catalina.startup.HostConfig.deployDirectory Deployment of web application directory [C:\Program Files\Apache Software Foundation\Tomcat 9.0_Tomcat9_Hitesh\webapps\docs] has finished in [1,064] ms
01-Apr-2021 22:38:20.184 INFO [main] org.apache.catalina.startup.HostConfig.deployDirectory Deploying web application directory [C:\Program Files\Apache Software Foundation\Tomcat 9.0_Tomcat9_Hitesh\webapps\examples]
01-Apr-2021 22:38:28.008 INFO [main] org.apache.catalina.startup.HostConfig.deployDirectory Deployment of web application directory [C:\Program Files\Apache Software Foundation\Tomcat 9.0_Tomcat9_Hitesh\webapps\examples] has finished in [7,823] ms
01-Apr-2021 22:38:28.011 INFO [main] org.apache.catalina.startup.HostConfig.deployDirectory Deploying web application directory [C:\Program Files\Apache Software Foundation\Tomcat 9.0_Tomcat9_Hitesh\webapps\host-manager]
01-Apr-2021 22:38:28.253 INFO [main] org.apache.catalina.startup.HostConfig.deployDirectory Deployment of web application directory [C:\Program Files\Apache Software Foundation\Tomcat 9.0_Tomcat9_Hitesh\webapps\host-manager] has finished in [243] ms
01-Apr-2021 22:38:28.254 INFO [main] org.apache.catalina.startup.HostConfig.deployDirectory Deploying web application directory [C:\Program Files\Apache Software Foundation\Tomcat 9.0_Tomcat9_Hitesh\webapps\manager]
01-Apr-2021 22:38:28.419 INFO [main] org.apache.catalina.startup.HostConfig.deployDirectory Deployment of web application directory [C:\Program Files\Apache Software Foundation\Tomcat 9.0_Tomcat9_Hitesh\webapps\manager] has finished in [164] ms
01-Apr-2021 22:38:28.421 INFO [main] org.apache.catalina.startup.HostConfig.deployDirectory Deploying web application directory [C:\Program Files\Apache Software Foundation\Tomcat 9.0_Tomcat9_Hitesh\webapps\ROOT]
01-Apr-2021 22:38:28.566 INFO [main] org.apache.catalina.startup.HostConfig.deployDirectory Deployment of web application directory [C:\Program Files\Apache Software Foundation\Tomcat 9.0_Tomcat9_Hitesh\webapps\ROOT] has finished in [145] ms
01-Apr-2021 22:38:28.575 INFO [main] org.apache.coyote.AbstractProtocol.start Starting ProtocolHandler ["http-nio-8799"]
01-Apr-2021 22:38:28.650 INFO [main] org.apache.catalina.startup.Catalina.start Server startup in [9803] milliseconds
